# JRE version: Java(TM) SE Runtime Environment (14.0.1+7) (build 14.0.1+7)
# Java VM: Java HotSpot(TM) 64-Bit Server VM (14.0.1+7, mixed mode, sharing, tiered, compressed oops, g1 gc, windows-amd64)
Heap:
 garbage-first heap   total 63488K, used 24751K [0x00000000c2400000, 0x0000000100000000)
  region size 1024K, 18 young (18432K), 2 survivors (2048K)
 Metaspace       used 12964K, capacity 13271K, committed 13440K, reserved 1060864K
  class space    used 1493K, capacity 1614K, committed 1664K, reserved 1048576K
GC Heap History (6 events):
Event: 1.805 GC heap before
{Heap before GC invocations=0 (full 0):
 garbage-first heap   total 63488K, used 13312K [0x00000000c2400000, 0x0000000100000000)
  region size 1024K, 13 young (13312K), 0 survivors (0K)
 Metaspace       used 2884K, capacity 5682K, committed 5760K, reserved 1056768K
  class space    used 301K, capacity 600K, committed 640K, reserved 1048576K
}
Event: 1.854 GC heap after
{Heap after GC invocations=1 (full 0):
 garbage-first heap   total 63488K, used 5555K [0x00000000c2400000, 0x0000000100000000)
  region size 1024K, 2 young (2048K), 2 survivors (2048K)
 Metaspace       used 2884K, capacity 5682K, committed 5760K, reserved 1056768K
  class space    used 301K, capacity 600K, committed 640K, reserved 1048576K
}
Event: 3.070 GC heap before
{Heap before GC invocations=1 (full 0):
 garbage-first heap   total 63488K, used 17843K [0x00000000c2400000, 0x0000000100000000)
  region size 1024K, 15 young (15360K), 2 survivors (2048K)
 Metaspace       used 7160K, capacity 7762K, committed 7808K, reserved 1056768K
  class space    used 768K, capacity 875K, committed 896K, reserved 1048576K
}
Event: 3.079 GC heap after
{Heap after GC invocations=2 (full 0):
 garbage-first heap   total 63488K, used 7815K [0x00000000c2400000, 0x0000000100000000)
  region size 1024K, 2 young (2048K), 2 survivors (2048K)
 Metaspace       used 7160K, capacity 7762K, committed 7808K, reserved 1056768K
  class space    used 768K, capacity 875K, committed 896K, reserved 1048576K
}
Event: 4.343 GC heap before
{Heap before GC invocations=2 (full 0):
 garbage-first heap   total 63488K, used 28295K [0x00000000c2400000, 0x0000000100000000)
  region size 1024K, 22 young (22528K), 2 survivors (2048K)
 Metaspace       used 12204K, capacity 12503K, committed 12800K, reserved 1060864K
  class space    used 1387K, capacity 1486K, committed 1536K, reserved 1048576K
}
Event: 4.350 GC heap after
{Heap after GC invocations=3 (full 0):
 garbage-first heap   total 63488K, used 9391K [0x00000000c2400000, 0x0000000100000000)
  region size 1024K, 2 young (2048K), 2 survivors (2048K)
 Metaspace       used 12204K, capacity 12503K, committed 12800K, reserved 1060864K
  class space    used 1387K, capacity 1486K, committed 1536K, reserved 1048576K
}

